<?xml version="1.0" encoding="UTF-8"?>
<!-- Generated by org.testng.reporters.JUnitReportReporter -->
<testsuite hostname="LAPTOP-VOGU50DD" failures="0" tests="4" name="allTest.CucumberRunner" time="61.456" errors="0" timestamp="2023-06-24T17:22:29 IST" skipped="0">
  <testcase classname="allTest.CucumberRunner" name="runScenario" time="3.915"/>
  <system-out/>
  <testcase classname="allTest.CucumberRunner" name="runScenario" time="16.574"/>
  <system-out/>
  <testcase classname="allTest.CucumberRunner" name="runScenario" time="8.476"/>
  <system-out/>
  <testcase classname="allTest.CucumberRunner" name="runScenario" time="32.491"/>
  <system-out/>
</testsuite> <!-- allTest.CucumberRunner -->
